#
# A fatal error has been detected by the Java Runtime Environment:
#
#  SIGSEGV (0xb) at pc=0x000000010de22e43, pid=73656, tid=4367
#
# JRE version: Java(TM) SE Runtime Environment (8.0_66-b17) (build 1.8.0_66-b17)
# Java VM: Java HotSpot(TM) 64-Bit Server VM (25.66-b17 mixed mode bsd-amd64 compressed oops)
# Problematic frame:
# C  [libawt_lwawt.dylib+0x1ae43]  OGLSD_SetScratchSurface+0x49
#
# Failed to write core dump. Core dumps have been disabled. To enable core dumping, try "ulimit -c unlimited" before starting Java again
#
# If you would like to submit a bug report, please visit:
#   http://bugreport.java.com/bugreport/crash.jsp
# The crash happened outside the Java Virtual Machine in native code.
# See problematic frame for where to report the bug.
#

---------------  T H R E A D  ---------------

Current thread (0x00007fad60885000):  JavaThread "Java2D Queue Flusher" daemon [_thread_in_native, id=4367, stack(0x000070000fab3000,0x000070000fbb3000)]

siginfo: si_signo: 11 (SIGSEGV), si_code: 1 (SEGV_MAPERR), si_addr: 0x0000000000000002

Registers:
RAX=0x00000000ffffffff, RBX=0x0000000000000002, RCX=0x0000000000000047, RDX=0x000000010de438ec
RSP=0x000070000fbb26c0, RBP=0x000070000fbb26e0, RSI=0x00007fad64605890, RDI=0x00007fad608851f8
R8 =0x0000000000000997, R9 =0x0000000000436570, R10=0x0000000112ec5578, R11=0xffffffff00000000
R12=0x0000000000000000, R13=0x000000010ad6cee8, R14=0x00007fad608851f8, R15=0x00007fad60885000
RIP=0x000000010de22e43, EFLAGS=0x0000000000010202, ERR=0x0000000000000004
  TRAPNO=0x000000000000000e

Top of Stack: (sp=0x000070000fbb26c0)
0x000070000fbb26c0:   00007fad64605890 0000000000000000
0x000070000fbb26d0:   00007fad61863e10 00007fad60885000
0x000070000fbb26e0:   000070000fbb2760 000000010de433ca
0x000070000fbb26f0:   0000000000000000 0000000000000000
0x000070000fbb2700:   0000000000000000 000000010ad6cee8
0x000070000fbb2710:   000070000fbb2700 00007fad60885000
0x000070000fbb2720:   000070000fbb2740 00007fad61863e20
0x000070000fbb2730:   00007fad00019358 00007fad608851f8
0x000070000fbb2740:   0000000740719220 0000000000000000
0x000070000fbb2750:   000070000fbb2700 00007fad60885000
0x000070000fbb2760:   000070000fbb27b0 0000000112ec55ea
0x000070000fbb2770:   0000000740719220 00007fad5fc560b8
0x000070000fbb2780:   000070000fbb27e0 0000000104d4bc08
0x000070000fbb2790:   0000000000000005 00007fad60885000
0x000070000fbb27a0:   0000000740719201 00007fad5ff267d0
0x000070000fbb27b0:   000070000fbb29d0 0000000113341e84
0x000070000fbb27c0:   00007fad60885000 0000000000000118
0x000070000fbb27d0:   000070000fbb2700 00007fad60885000
0x000070000fbb27e0:   000070000fbb2830 0000000112f8db28
0x000070000fbb27f0:   00000007407192f8 000070000fbb2820
0x000070000fbb2800:   000000015a602db0 0000000000000016
0x000070000fbb2810:   0000000740719220 0000003000000020
0x000070000fbb2820:   000000079737fdd8 0000000000000206
0x000070000fbb2830:   000070000fbb29d0 00000001135f31dc
0x000070000fbb2840:   0000000000000041 000000010ad67488
0x000070000fbb2850:   000000000fbb2890 000070000fbb28f0
0x000070000fbb2860:   0000000112c22b45 0000000112bff5d0
0x000070000fbb2870:   0000000100000000 000070000fbb2940
0x000070000fbb2880:   000070000fbb28f0 0000000000000000
0x000070000fbb2890:   0000000000000000 0000000000000000
0x000070000fbb28a0:   0000000100000001 0000000797f12b88
0x000070000fbb28b0:   00000007407192f8 0000000740719220 

Instructions: (pc=0x000000010de22e43)
0x000000010de22e23:   c0 e9 82 00 00 00 48 8b 5e 10 48 85 db 75 0e bf
0x000000010de22e33:   01 00 00 00 48 8d 15 fd 75 03 00 eb d6 49 89 fe
0x000000010de22e43:   4c 8b 3b 30 c0 e8 c5 a2 02 00 49 8b 3f 49 89 c4
0x000000010de22e53:   48 8b 35 a6 f7 05 00 30 c0 e8 cb a3 02 00 48 85 

Register to memory mapping:

RAX=0x00000000ffffffff is an unknown value
RBX=0x0000000000000002 is an unknown value
RCX=0x0000000000000047 is an unknown value
RDX=0x000000010de438ec: Java_sun_java2d_opengl_OGLRenderQueue_flushBuffer+0xb5c in /Applications/BlueJ.app/Contents/JDK/Home/jre/lib/libawt_lwawt.dylib at 0x000000010de08000
RSP=0x000070000fbb26c0 is pointing into the stack for thread: 0x00007fad60885000
RBP=0x000070000fbb26e0 is pointing into the stack for thread: 0x00007fad60885000
RSI=0x00007fad64605890 is an unknown value
RDI=0x00007fad608851f8 is an unknown value
R8 =0x0000000000000997 is an unknown value
R9 =0x0000000000436570 is an unknown value
R10=0x0000000112ec5578 is at entry_point+56 in (nmethod*)0x0000000112ec53d0
R11=0xffffffff00000000 is an unknown value
R12=0x0000000000000000 is an unknown value
R13={method} {0x000000010ad6cee8} 'initTexture' '(JZZZII)Z' in 'sun/java2d/opengl/OGLSurfaceData'
R14=0x00007fad608851f8 is an unknown value
R15=0x00007fad60885000 is a thread


Stack: [0x000070000fab3000,0x000070000fbb3000],  sp=0x000070000fbb26c0,  free space=1021k
Native frames: (J=compiled Java code, j=interpreted, Vv=VM code, C=native code)
C  [libawt_lwawt.dylib+0x1ae43]  OGLSD_SetScratchSurface+0x49
C  [libawt_lwawt.dylib+0x3b3ca]  Java_sun_java2d_opengl_OGLRenderQueue_flushBuffer+0x63a
J 2009  sun.java2d.opengl.OGLRenderQueue.flushBuffer(JI)V (0 bytes) @ 0x0000000112ec55ea [0x0000000112ec5540+0xaa]
J 2309 C1 sun.java2d.opengl.OGLRenderQueue.flushBuffer()V (41 bytes) @ 0x0000000113341e84 [0x0000000113341c20+0x264]
J 4193% C1 sun.java2d.opengl.OGLRenderQueue$QueueFlusher.run()V (234 bytes) @ 0x00000001135f31dc [0x00000001135f2800+0x9dc]
v  ~StubRoutines::call_stub
V  [libjvm.dylib+0x2ea35e]  JavaCalls::call_helper(JavaValue*, methodHandle*, JavaCallArguments*, Thread*)+0x6ae
V  [libjvm.dylib+0x2eaaec]  JavaCalls::call_virtual(JavaValue*, KlassHandle, Symbol*, Symbol*, JavaCallArguments*, Thread*)+0x164
V  [libjvm.dylib+0x2eac98]  JavaCalls::call_virtual(JavaValue*, Handle, KlassHandle, Symbol*, Symbol*, Thread*)+0x4a
V  [libjvm.dylib+0x345215]  thread_entry(JavaThread*, Thread*)+0x7c
V  [libjvm.dylib+0x560b83]  JavaThread::thread_main_inner()+0x9b
V  [libjvm.dylib+0x56227e]  JavaThread::run()+0x1c2
V  [libjvm.dylib+0x482cd6]  java_start(Thread*)+0xf6
C  [libsystem_pthread.dylib+0x3aab]  _pthread_body+0xb4
C  [libsystem_pthread.dylib+0x39f7]  _pthread_body+0x0
C  [libsystem_pthread.dylib+0x31fd]  thread_start+0xd
C  0x0000000000000000

Java frames: (J=compiled Java code, j=interpreted, Vv=VM code)
J 2009  sun.java2d.opengl.OGLRenderQueue.flushBuffer(JI)V (0 bytes) @ 0x0000000112ec5578 [0x0000000112ec5540+0x38]
J 2309 C1 sun.java2d.opengl.OGLRenderQueue.flushBuffer()V (41 bytes) @ 0x0000000113341e84 [0x0000000113341c20+0x264]
J 4193% C1 sun.java2d.opengl.OGLRenderQueue$QueueFlusher.run()V (234 bytes) @ 0x00000001135f31dc [0x00000001135f2800+0x9dc]
v  ~StubRoutines::call_stub

---------------  P R O C E S S  ---------------

Java Threads: ( => current thread )
  0x00007fad65bc7800 JavaThread "main" [_thread_blocked, id=4795, stack(0x0000700010045000,0x0000700010145000)]
  0x00007fad66427000 JavaThread "AWT-EventQueue-0" [_thread_blocked, id=68267, stack(0x000070000febf000,0x000070000ffbf000)]
  0x00007fad65b84000 JavaThread "AWT-Shutdown" [_thread_blocked, id=67699, stack(0x000070000f92d000,0x000070000fa2d000)]
  0x00007fad60a8b000 JavaThread "TimerQueue" daemon [_thread_blocked, id=58631, stack(0x000070000fcb9000,0x000070000fdb9000)]
  0x00007fad61076800 JavaThread "Java2D Disposer" daemon [_thread_blocked, id=57383, stack(0x000070000fdbc000,0x000070000febc000)]
=>0x00007fad60885000 JavaThread "Java2D Queue Flusher" daemon [_thread_in_native, id=4367, stack(0x000070000fab3000,0x000070000fbb3000)]
  0x00007fad61920000 JavaThread "DestroyJavaVM" [_thread_blocked, id=7171, stack(0x000070000e6f4000,0x000070000e7f4000)]
  0x00007fad61134800 JavaThread "BlueJ worker thread" [_thread_blocked, id=55811, stack(0x000070000fbb6000,0x000070000fcb6000)]
  0x00007fad60976000 JavaThread "AppKit Thread" daemon [_thread_in_native, id=775, stack(0x00007fff5b395000,0x00007fff5bb95000)]
  0x00007fad6082b000 JavaThread "Service Thread" daemon [_thread_blocked, id=20227, stack(0x000070000f621000,0x000070000f721000)]
  0x00007fad60828800 JavaThread "C1 CompilerThread2" daemon [_thread_blocked, id=19715, stack(0x000070000f51e000,0x000070000f61e000)]
  0x00007fad6007e800 JavaThread "C2 CompilerThread1" daemon [_thread_in_native, id=19203, stack(0x000070000f41b000,0x000070000f51b000)]
  0x00007fad6180c000 JavaThread "C2 CompilerThread0" daemon [_thread_in_native, id=18691, stack(0x000070000f318000,0x000070000f418000)]
  0x00007fad6081f800 JavaThread "JDWP Command Reader" daemon [_thread_in_native, id=18179, stack(0x000070000f215000,0x000070000f315000)]
  0x00007fad6006b000 JavaThread "JDWP Event Helper Thread" daemon [_thread_blocked, id=17667, stack(0x000070000f112000,0x000070000f212000)]
  0x00007fad6006a800 JavaThread "JDWP Transport Listener: dt_socket" daemon [_thread_blocked, id=17155, stack(0x000070000f00f000,0x000070000f10f000)]
  0x00007fad61020000 JavaThread "Signal Dispatcher" daemon [_thread_blocked, id=16643, stack(0x000070000ef0c000,0x000070000f00c000)]
  0x00007fad60050000 JavaThread "Finalizer" daemon [_thread_blocked, id=12547, stack(0x000070000ee09000,0x000070000ef09000)]
  0x00007fad6004f800 JavaThread "Reference Handler" daemon [_thread_blocked, id=12035, stack(0x000070000ed06000,0x000070000ee06000)]

Other Threads:
  0x00007fad6004e800 VMThread [stack: 0x000070000ec03000,0x000070000ed03000] [id=11523]
  0x00007fad6005f800 WatcherThread [stack: 0x000070000f724000,0x000070000f824000] [id=20739]

VM state:not at safepoint (normal execution)

VM Mutex/Monitor currently owned by a thread: None

Heap:
 PSYoungGen      total 41472K, used 8948K [0x0000000795580000, 0x0000000798880000, 0x00000007c0000000)
  eden space 31744K, 3% used [0x0000000795580000,0x0000000795697850,0x0000000797480000)
  from space 9728K, 80% used [0x0000000797500000,0x0000000797ca5880,0x0000000797e80000)
  to   space 10240K, 0% used [0x0000000797e80000,0x0000000797e80000,0x0000000798880000)
 ParOldGen       total 87552K, used 8870K [0x0000000740000000, 0x0000000745580000, 0x0000000795580000)
  object space 87552K, 10% used [0x0000000740000000,0x00000007408a9b58,0x0000000745580000)
 Metaspace       used 18691K, capacity 19700K, committed 19968K, reserved 1067008K
  class space    used 2312K, capacity 2770K, committed 2816K, reserved 1048576K

Card table byte_map: [0x0000000105d91000,0x0000000106192000] byte_map_base: 0x0000000102391000

Marking Bits: (ParMarkBitMap*) 0x00000001052dde20
 Begin Bits: [0x000000010643d000, 0x000000010843d000)
 End Bits:   [0x000000010843d000, 0x000000010a43d000)

Polling page: 0x00000001041e4000

CodeCache: size=245760Kb used=13706Kb max_used=13715Kb free=232053Kb
 bounds [0x0000000112bfa000, 0x000000011398a000, 0x0000000121bfa000]
 total_blobs=4186 nmethods=3618 adapters=484
 compilation: enabled

Compilation events (10 events):
Event: 7341.096 Thread 0x00007fad60828800 nmethod 4393 0x000000011386d990 code [0x000000011386dc40, 0x000000011386f388]
Event: 7341.124 Thread 0x00007fad6180c000 nmethod 4369 0x000000011396fed0 code [0x0000000113970600, 0x0000000113979320]
Event: 7343.225 Thread 0x00007fad60828800 4396       3       javax.swing.ToolTipManager::mouseMoved (108 bytes)
Event: 7343.226 Thread 0x00007fad60828800 nmethod 4396 0x0000000113267750 code [0x0000000113267920, 0x00000001132681c8]
Event: 7343.785 Thread 0x00007fad60828800 4397       3       javax.swing.text.ParagraphView$Row::loadChildren (1 bytes)
Event: 7343.786 Thread 0x00007fad60828800 nmethod 4397 0x0000000112f5b650 code [0x0000000112f5b7a0, 0x0000000112f5b8f0]
Event: 7343.788 Thread 0x00007fad60828800 4398       1       java.io.FilePermission::access$000 (5 bytes)
Event: 7343.788 Thread 0x00007fad60828800 nmethod 4398 0x00000001130654d0 code [0x0000000113065620, 0x0000000113065710]
Event: 7343.788 Thread 0x00007fad60828800 4399       3       java.util.Collections$UnmodifiableCollection::<init> (22 bytes)
Event: 7343.789 Thread 0x00007fad60828800 nmethod 4399 0x000000011309e710 code [0x000000011309e8a0, 0x000000011309eb88]

GC Heap History (10 events):
Event: 1810.476 GC heap before
{Heap before GC invocations=3 (full 0):
 PSYoungGen      total 38400K, used 38375K [0x0000000795580000, 0x0000000798000000, 0x00000007c0000000)
  eden space 33280K, 100% used [0x0000000795580000,0x0000000797600000,0x0000000797600000)
  from space 5120K, 99% used [0x0000000797b00000,0x0000000797ff9e60,0x0000000798000000)
  to   space 5120K, 0% used [0x0000000797600000,0x0000000797600000,0x0000000797b00000)
 ParOldGen       total 87552K, used 735K [0x0000000740000000, 0x0000000745580000, 0x0000000795580000)
  object space 87552K, 0% used [0x0000000740000000,0x00000007400b7cd0,0x0000000745580000)
 Metaspace       used 16783K, capacity 17182K, committed 17408K, reserved 1064960K
  class space    used 2024K, capacity 2212K, committed 2304K, reserved 1048576K
Event: 1810.486 GC heap after
Heap after GC invocations=3 (full 0):
 PSYoungGen      total 38400K, used 5114K [0x0000000795580000, 0x0000000798000000, 0x00000007c0000000)
  eden space 33280K, 0% used [0x0000000795580000,0x0000000795580000,0x0000000797600000)
  from space 5120K, 99% used [0x0000000797600000,0x0000000797afe9b8,0x0000000797b00000)
  to   space 5120K, 0% used [0x0000000797b00000,0x0000000797b00000,0x0000000798000000)
 ParOldGen       total 87552K, used 1771K [0x0000000740000000, 0x0000000745580000, 0x0000000795580000)
  object space 87552K, 2% used [0x0000000740000000,0x00000007401bafe8,0x0000000745580000)
 Metaspace       used 16783K, capacity 17182K, committed 17408K, reserved 1064960K
  class space    used 2024K, capacity 2212K, committed 2304K, reserved 1048576K
}
Event: 1851.689 GC heap before
{Heap before GC invocations=4 (full 0):
 PSYoungGen      total 38400K, used 38394K [0x0000000795580000, 0x0000000798000000, 0x00000007c0000000)
  eden space 33280K, 100% used [0x0000000795580000,0x0000000797600000,0x0000000797600000)
  from space 5120K, 99% used [0x0000000797600000,0x0000000797afe9b8,0x0000000797b00000)
  to   space 5120K, 0% used [0x0000000797b00000,0x0000000797b00000,0x0000000798000000)
 ParOldGen       total 87552K, used 1771K [0x0000000740000000, 0x0000000745580000, 0x0000000795580000)
  object space 87552K, 2% used [0x0000000740000000,0x00000007401bafe8,0x0000000745580000)
 Metaspace       used 17057K, capacity 17498K, committed 17664K, reserved 1064960K
  class space    used 2044K, capacity 2294K, committed 2304K, reserved 1048576K
Event: 1851.699 GC heap after
Heap after GC invocations=4 (full 0):
 PSYoungGen      total 38400K, used 5114K [0x0000000795580000, 0x0000000798000000, 0x00000007c0000000)
  eden space 33280K, 0% used [0x0000000795580000,0x0000000795580000,0x0000000797600000)
  from space 5120K, 99% used [0x0000000797b00000,0x0000000797ffe9a8,0x0000000798000000)
  to   space 5120K, 0% used [0x0000000797600000,0x0000000797600000,0x0000000797b00000)
 ParOldGen       total 87552K, used 4500K [0x0000000740000000, 0x0000000745580000, 0x0000000795580000)
  object space 87552K, 5% used [0x0000000740000000,0x00000007404652a8,0x0000000745580000)
 Metaspace       used 17057K, capacity 17498K, committed 17664K, reserved 1064960K
  class space    used 2044K, capacity 2294K, committed 2304K, reserved 1048576K
}
Event: 1903.187 GC heap before
{Heap before GC invocations=5 (full 0):
 PSYoungGen      total 38400K, used 38394K [0x0000000795580000, 0x0000000798000000, 0x00000007c0000000)
  eden space 33280K, 100% used [0x0000000795580000,0x0000000797600000,0x0000000797600000)
  from space 5120K, 99% used [0x0000000797b00000,0x0000000797ffe9a8,0x0000000798000000)
  to   space 5120K, 0% used [0x0000000797600000,0x0000000797600000,0x0000000797b00000)
 ParOldGen       total 87552K, used 4500K [0x0000000740000000, 0x0000000745580000, 0x0000000795580000)
  object space 87552K, 5% used [0x0000000740000000,0x00000007404652a8,0x0000000745580000)
 Metaspace       used 18297K, capacity 18778K, committed 18944K, reserved 1064960K
  class space    used 2239K, capacity 2486K, committed 2560K, reserved 1048576K
Event: 1903.196 GC heap after
Heap after GC invocations=5 (full 0):
 PSYoungGen      total 37888K, used 5088K [0x0000000795580000, 0x0000000798880000, 0x00000007c0000000)
  eden space 32768K, 0% used [0x0000000795580000,0x0000000795580000,0x0000000797580000)
  from space 5120K, 99% used [0x0000000797600000,0x0000000797af8020,0x0000000797b00000)
  to   space 9728K, 0% used [0x0000000797f00000,0x0000000797f00000,0x0000000798880000)
 ParOldGen       total 87552K, used 7237K [0x0000000740000000, 0x0000000745580000, 0x0000000795580000)
  object space 87552K, 8% used [0x0000000740000000,0x0000000740711688,0x0000000745580000)
 Metaspace       used 18297K, capacity 18778K, committed 18944K, reserved 1064960K
  class space    used 2239K, capacity 2486K, committed 2560K, reserved 1048576K
}
Event: 3541.448 GC heap before
{Heap before GC invocations=6 (full 0):
 PSYoungGen      total 37888K, used 37856K [0x0000000795580000, 0x0000000798880000, 0x00000007c0000000)
  eden space 32768K, 100% used [0x0000000795580000,0x0000000797580000,0x0000000797580000)
  from space 5120K, 99% used [0x0000000797600000,0x0000000797af8020,0x0000000797b00000)
  to   space 9728K, 0% used [0x0000000797f00000,0x0000000797f00000,0x0000000798880000)
 ParOldGen       total 87552K, used 7237K [0x0000000740000000, 0x0000000745580000, 0x0000000795580000)
  object space 87552K, 8% used [0x0000000740000000,0x0000000740711688,0x0000000745580000)
 Metaspace       used 18417K, capacity 18960K, committed 19328K, reserved 1067008K
  class space    used 2260K, capacity 2567K, committed 2688K, reserved 1048576K
Event: 3541.458 GC heap after
Heap after GC invocations=6 (full 0):
 PSYoungGen      total 41472K, used 7742K [0x0000000795580000, 0x0000000798800000, 0x00000007c0000000)
  eden space 32256K, 0% used [0x0000000795580000,0x0000000795580000,0x0000000797500000)
  from space 9216K, 84% used [0x0000000797f00000,0x000000079868fa60,0x0000000798800000)
  to   space 9728K, 0% used [0x0000000797500000,0x0000000797500000,0x0000000797e80000)
 ParOldGen       total 87552K, used 7245K [0x0000000740000000, 0x0000000745580000, 0x0000000795580000)
  object space 87552K, 8% used [0x0000000740000000,0x0000000740713688,0x0000000745580000)
 Metaspace       used 18417K, capacity 18960K, committed 19328K, reserved 1067008K
  class space    used 2260K, capacity 2567K, committed 2688K, reserved 1048576K
}
Event: 7343.774 GC heap before
{Heap before GC invocations=7 (full 0):
 PSYoungGen      total 41472K, used 39998K [0x0000000795580000, 0x0000000798800000, 0x00000007c0000000)
  eden space 32256K, 100% used [0x0000000795580000,0x0000000797500000,0x0000000797500000)
  from space 9216K, 84% used [0x0000000797f00000,0x000000079868fa60,0x0000000798800000)
  to   space 9728K, 0% used [0x0000000797500000,0x0000000797500000,0x0000000797e80000)
 ParOldGen       total 87552K, used 7245K [0x0000000740000000, 0x0000000745580000, 0x0000000795580000)
  object space 87552K, 8% used [0x0000000740000000,0x0000000740713688,0x0000000745580000)
 Metaspace       used 18691K, capacity 19700K, committed 19968K, reserved 1067008K
  class space    used 2312K, capacity 2770K, committed 2816K, reserved 1048576K
Event: 7343.784 GC heap after
Heap after GC invocations=7 (full 0):
 PSYoungGen      total 41472K, used 7830K [0x0000000795580000, 0x0000000798880000, 0x00000007c0000000)
  eden space 31744K, 0% used [0x0000000795580000,0x0000000795580000,0x0000000797480000)
  from space 9728K, 80% used [0x0000000797500000,0x0000000797ca5880,0x0000000797e80000)
  to   space 10240K, 0% used [0x0000000797e80000,0x0000000797e80000,0x0000000798880000)
 ParOldGen       total 87552K, used 8870K [0x0000000740000000, 0x0000000745580000, 0x0000000795580000)
  object space 87552K, 10% used [0x0000000740000000,0x00000007408a9b58,0x0000000745580000)
 Metaspace       used 18691K, capacity 19700K, committed 19968K, reserved 1067008K
  class space    used 2312K, capacity 2770K, committed 2816K, reserved 1048576K
}

Deoptimization events (10 events):
Event: 7101.615 Thread 0x00007fad6152e000 Uncommon trap: reason=unhandled action=none pc=0x0000000112ebc408 method=java.lang.Integer.parseInt(Ljava/lang/String;I)I @ 249
Event: 7101.616 Thread 0x00007fad6152e000 Uncommon trap: reason=unhandled action=none pc=0x0000000112ebc408 method=java.lang.Integer.parseInt(Ljava/lang/String;I)I @ 249
Event: 7104.426 Thread 0x00007fad6152e000 Uncommon trap: reason=unhandled action=none pc=0x0000000112ebc408 method=java.lang.Integer.parseInt(Ljava/lang/String;I)I @ 249
Event: 7104.426 Thread 0x00007fad6152e000 Uncommon trap: reason=unhandled action=none pc=0x0000000112ebc408 method=java.lang.Integer.parseInt(Ljava/lang/String;I)I @ 249
Event: 7108.844 Thread 0x00007fad6152e000 Uncommon trap: reason=unstable_if action=reinterpret pc=0x00000001134e39c0 method=java.awt.LightweightDispatcher.retargetMouseEvent(Ljava/awt/Component;ILjava/awt/event/MouseEvent;)V @ 242
Event: 7108.844 Thread 0x00007fad6152e000 Uncommon trap: reason=unstable_if action=reinterpret pc=0x00000001133dbdb0 method=java.awt.LightweightDispatcher.processMouseEvent(Ljava/awt/event/MouseEvent;)Z @ 60
Event: 7114.100 Thread 0x00007fad6152e000 Uncommon trap: reason=unstable_if action=reinterpret pc=0x000000011303d658 method=javax.swing.ToolTipManager.mouseMoved(Ljava/awt/event/MouseEvent;)V @ 19
Event: 7343.784 Thread 0x00007fad66427000 Uncommon trap: reason=null_check action=make_not_entrant pc=0x00000001131ec7d8 method=javax.swing.text.StyleContext$SmallAttributeSet.equals(Ljava/lang/Object;)Z @ 1
Event: 7343.784 Thread 0x00007fad66427000 Uncommon trap: reason=null_check action=make_not_entrant pc=0x0000000112f5e87c method=javax.swing.text.StyleContext$SmallAttributeSet.equals(Ljava/lang/Object;)Z @ 1
Event: 7343.785 Thread 0x00007fad61076800 Uncommon trap: reason=unstable_if action=reinterpret pc=0x0000000112e66230 method=java.util.Vector.removeElementAt(I)V @ 75

Internal exceptions (10 events):
Event: 7340.941 Thread 0x00007fad66427000 Exception <a 'java/lang/ClassNotFoundException': SpotCustomizer> (0x00000007973299a0) thrown at [/HUDSON3/workspace/8-2-build-macosx-x86_64/jdk8u66/4988/hotspot/src/share/vm/classfile/systemDictionary.cpp, line 210]
Event: 7340.942 Thread 0x00007fad66427000 Exception <a 'java/lang/ClassNotFoundException': EmptyCustomizer> (0x0000000797332198) thrown at [/HUDSON3/workspace/8-2-build-macosx-x86_64/jdk8u66/4988/hotspot/src/share/vm/classfile/systemDictionary.cpp, line 210]
Event: 7340.946 Thread 0x00007fad66427000 Exception <a 'java/lang/ClassNotFoundException': TwoBeanInfo> (0x0000000797351030) thrown at [/HUDSON3/workspace/8-2-build-macosx-x86_64/jdk8u66/4988/hotspot/src/share/vm/classfile/systemDictionary.cpp, line 210]
Event: 7340.946 Thread 0x00007fad66427000 Exception <a 'java/lang/ClassNotFoundException': TwoCustomizer> (0x00000007973557b0) thrown at [/HUDSON3/workspace/8-2-build-macosx-x86_64/jdk8u66/4988/hotspot/src/share/vm/classfile/systemDictionary.cpp, line 210]
Event: 7340.951 Thread 0x00007fad66427000 Exception <a 'java/lang/ClassNotFoundException': OneBeanInfo> (0x0000000797373890) thrown at [/HUDSON3/workspace/8-2-build-macosx-x86_64/jdk8u66/4988/hotspot/src/share/vm/classfile/systemDictionary.cpp, line 210]
Event: 7340.952 Thread 0x00007fad66427000 Exception <a 'java/lang/ClassNotFoundException': OneCustomizer> (0x0000000797378010) thrown at [/HUDSON3/workspace/8-2-build-macosx-x86_64/jdk8u66/4988/hotspot/src/share/vm/classfile/systemDictionary.cpp, line 210]
Event: 7340.967 Thread 0x00007fad66427000 Exception <a 'java/lang/ClassNotFoundException': ThreeBeanInfo> (0x00000007973a6750) thrown at [/HUDSON3/workspace/8-2-build-macosx-x86_64/jdk8u66/4988/hotspot/src/share/vm/classfile/systemDictionary.cpp, line 210]
Event: 7340.968 Thread 0x00007fad66427000 Exception <a 'java/lang/ClassNotFoundException': ThreeCustomizer> (0x00000007973ab0d0) thrown at [/HUDSON3/workspace/8-2-build-macosx-x86_64/jdk8u66/4988/hotspot/src/share/vm/classfile/systemDictionary.cpp, line 210]
Event: 7343.784 Thread 0x00007fad66427000 Implicit null exception at 0x00000001131eb350 to 0x00000001131ec7b5
Event: 7343.784 Thread 0x00007fad66427000 Implicit null exception at 0x0000000112f5d636 to 0x0000000112f5e871

Events (10 events):
Event: 7343.788 Thread 0x00007fad66427000 DEOPT PACKING pc=0x0000000112d6d354 sp=0x000070000ffbb760
Event: 7343.788 Thread 0x00007fad66427000 DEOPT UNPACKING pc=0x0000000112c41633 sp=0x000070000ffbb5a0 mode 1
Event: 7343.788 Thread 0x00007fad66427000 DEOPT PACKING pc=0x0000000112d6d0f4 sp=0x000070000ffbb8f0
Event: 7343.788 Thread 0x00007fad66427000 DEOPT UNPACKING pc=0x0000000112c41633 sp=0x000070000ffbb730 mode 1
Event: 7343.788 Thread 0x00007fad66427000 DEOPT PACKING pc=0x0000000112ea3f31 sp=0x000070000ffbb930
Event: 7343.788 Thread 0x00007fad66427000 DEOPT UNPACKING pc=0x0000000112c41633 sp=0x000070000ffbb6b0 mode 1
Event: 7343.788 Thread 0x00007fad66427000 DEOPT PACKING pc=0x0000000112ea586c sp=0x000070000ffbba80
Event: 7343.788 Thread 0x00007fad66427000 DEOPT UNPACKING pc=0x0000000112c41633 sp=0x000070000ffbb818 mode 1
Event: 7343.788 Thread 0x00007fad66427000 DEOPT PACKING pc=0x0000000112ea08dc sp=0x000070000ffbbb30
Event: 7343.788 Thread 0x00007fad66427000 DEOPT UNPACKING pc=0x0000000112c41633 sp=0x000070000ffbb890 mode 1


Dynamic libraries:
0x000000003415e000 	/System/Library/Frameworks/Cocoa.framework/Versions/A/Cocoa
0x000000003415e000 	/System/Library/Frameworks/Security.framework/Versions/A/Security
0x000000003415e000 	/System/Library/Frameworks/ApplicationServices.framework/Versions/A/ApplicationServices
0x000000003415e000 	/usr/lib/libz.1.dylib
0x000000003415e000 	/usr/lib/libSystem.B.dylib
0x000000003415e000 	/usr/lib/libobjc.A.dylib
0x000000003415e000 	/System/Library/Frameworks/CoreFoundation.framework/Versions/A/CoreFoundation
0x000000003415e000 	/System/Library/Frameworks/Foundation.framework/Versions/C/Foundation
0x000000003415e000 	/System/Library/Frameworks/AppKit.framework/Versions/C/AppKit
0x000000003415e000 	/System/Library/Frameworks/CoreData.framework/Versions/A/CoreData
0x000000003415e000 	/System/Library/PrivateFrameworks/RemoteViewServices.framework/Versions/A/RemoteViewServices
0x000000003415e000 	/System/Library/PrivateFrameworks/UIFoundation.framework/Versions/A/UIFoundation
0x000000003415e000 	/System/Library/PrivateFrameworks/DFRFoundation.framework/Versions/A/DFRFoundation
0x000000003415e000 	/usr/lib/libenergytrace.dylib
0x000000003415e000 	/System/Library/PrivateFrameworks/SkyLight.framework/Versions/A/SkyLight
0x000000003415e000 	/System/Library/Frameworks/CoreGraphics.framework/Versions/A/CoreGraphics
0x000000003415e000 	/usr/lib/libScreenReader.dylib
0x000000003415e000 	/System/Library/Frameworks/Accelerate.framework/Versions/A/Accelerate
0x000000003415e000 	/System/Library/Frameworks/IOSurface.framework/Versions/A/IOSurface
0x000000003415e000 	/System/Library/Frameworks/AudioToolbox.framework/Versions/A/AudioToolbox
0x000000003415e000 	/System/Library/Frameworks/AudioUnit.framework/Versions/A/AudioUnit
0x000000003415e000 	/System/Library/PrivateFrameworks/DataDetectorsCore.framework/Versions/A/DataDetectorsCore
0x000000003415e000 	/System/Library/PrivateFrameworks/DesktopServicesPriv.framework/Versions/A/DesktopServicesPriv
0x000000003415e000 	/System/Library/Frameworks/Carbon.framework/Versions/A/Frameworks/HIToolbox.framework/Versions/A/HIToolbox
0x000000003415e000 	/usr/lib/libicucore.A.dylib
0x000000003415e000 	/System/Library/Frameworks/QuartzCore.framework/Versions/A/QuartzCore
0x000000003415e000 	/System/Library/Frameworks/Carbon.framework/Versions/A/Frameworks/SpeechRecognition.framework/Versions/A/SpeechRecognition
0x000000003415e000 	/usr/lib/libauto.dylib
0x000000003415e000 	/usr/lib/libxml2.2.dylib
0x000000003415e000 	/System/Library/PrivateFrameworks/CoreUI.framework/Versions/A/CoreUI
0x000000003415e000 	/System/Library/Frameworks/CoreAudio.framework/Versions/A/CoreAudio
0x000000003415e000 	/System/Library/Frameworks/DiskArbitration.framework/Versions/A/DiskArbitration
0x000000003415e000 	/usr/lib/liblangid.dylib
0x000000003415e000 	/System/Library/PrivateFrameworks/MultitouchSupport.framework/Versions/A/MultitouchSupport
0x000000003415e000 	/System/Library/Frameworks/IOKit.framework/Versions/A/IOKit
0x000000003415e000 	/usr/lib/libDiagnosticMessagesClient.dylib
0x000000003415e000 	/System/Library/Frameworks/CoreServices.framework/Versions/A/CoreServices
0x000000003415e000 	/System/Library/PrivateFrameworks/PerformanceAnalysis.framework/Versions/A/PerformanceAnalysis
0x000000003415e000 	/System/Library/PrivateFrameworks/GenerationalStorage.framework/Versions/A/GenerationalStorage
0x000000003415e000 	/System/Library/Frameworks/OpenGL.framework/Versions/A/OpenGL
0x000000003415e000 	/System/Library/Frameworks/CoreImage.framework/Versions/A/CoreImage
0x000000003415e000 	/System/Library/Frameworks/CoreText.framework/Versions/A/CoreText
0x000000003415e000 	/System/Library/Frameworks/ImageIO.framework/Versions/A/ImageIO
0x000000003415e000 	/System/Library/PrivateFrameworks/Backup.framework/Versions/A/Backup
0x000000003415e000 	/usr/lib/libarchive.2.dylib
0x000000003415e000 	/System/Library/Frameworks/CFNetwork.framework/Versions/A/CFNetwork
0x000000003415e000 	/System/Library/Frameworks/SystemConfiguration.framework/Versions/A/SystemConfiguration
0x000000003415e000 	/usr/lib/libCRFSuite.dylib
0x000000003415e000 	/usr/lib/libc++.1.dylib
0x000000003415e000 	/usr/lib/libc++abi.dylib
0x000000003415e000 	/usr/lib/system/libcache.dylib
0x000000003415e000 	/usr/lib/system/libcommonCrypto.dylib
0x000000003415e000 	/usr/lib/system/libcompiler_rt.dylib
0x000000003415e000 	/usr/lib/system/libcopyfile.dylib
0x000000003415e000 	/usr/lib/system/libcorecrypto.dylib
0x000000003415e000 	/usr/lib/system/libdispatch.dylib
0x000000003415e000 	/usr/lib/system/libdyld.dylib
0x000000003415e000 	/usr/lib/system/libkeymgr.dylib
0x000000003415e000 	/usr/lib/system/liblaunch.dylib
0x000000003415e000 	/usr/lib/system/libmacho.dylib
0x000000003415e000 	/usr/lib/system/libquarantine.dylib
0x000000003415e000 	/usr/lib/system/libremovefile.dylib
0x000000003415e000 	/usr/lib/system/libsystem_asl.dylib
0x000000003415e000 	/usr/lib/system/libsystem_blocks.dylib
0x000000003415e000 	/usr/lib/system/libsystem_c.dylib
0x000000003415e000 	/usr/lib/system/libsystem_configuration.dylib
0x000000003415e000 	/usr/lib/system/libsystem_coreservices.dylib
0x000000003415e000 	/usr/lib/system/libsystem_coretls.dylib
0x000000003415e000 	/usr/lib/system/libsystem_dnssd.dylib
0x000000003415e000 	/usr/lib/system/libsystem_info.dylib
0x000000003415e000 	/usr/lib/system/libsystem_kernel.dylib
0x000000003415e000 	/usr/lib/system/libsystem_m.dylib
0x000000003415e000 	/usr/lib/system/libsystem_malloc.dylib
0x000000003415e000 	/usr/lib/system/libsystem_network.dylib
0x000000003415e000 	/usr/lib/system/libsystem_networkextension.dylib
0x000000003415e000 	/usr/lib/system/libsystem_notify.dylib
0x000000003415e000 	/usr/lib/system/libsystem_platform.dylib
0x000000003415e000 	/usr/lib/system/libsystem_pthread.dylib
0x000000003415e000 	/usr/lib/system/libsystem_sandbox.dylib
0x000000003415e000 	/usr/lib/system/libsystem_secinit.dylib
0x000000003415e000 	/usr/lib/system/libsystem_symptoms.dylib
0x000000003415e000 	/usr/lib/system/libsystem_trace.dylib
0x000000003415e000 	/usr/lib/system/libunwind.dylib
0x000000003415e000 	/usr/lib/system/libxpc.dylib
0x000000003415e000 	/usr/lib/libbsm.0.dylib
0x000000003415e000 	/usr/lib/system/libkxld.dylib
0x000000003415e000 	/usr/lib/libcoretls.dylib
0x000000003415e000 	/usr/lib/libcoretls_cfhelpers.dylib
0x000000003415e000 	/usr/lib/libxar.1.dylib
0x000000003415e000 	/usr/lib/libsqlite3.dylib
0x000000003415e000 	/usr/lib/libpam.2.dylib
0x000000003415e000 	/usr/lib/libOpenScriptingUtil.dylib
0x000000003415e000 	/usr/lib/libbz2.1.0.dylib
0x000000003415e000 	/usr/lib/liblzma.5.dylib
0x000000003415e000 	/usr/lib/libnetwork.dylib
0x000000003415e000 	/usr/lib/libpcap.A.dylib
0x000000003415e000 	/System/Library/Frameworks/CoreServices.framework/Versions/A/Frameworks/FSEvents.framework/Versions/A/FSEvents
0x000000003415e000 	/System/Library/Frameworks/CoreServices.framework/Versions/A/Frameworks/CarbonCore.framework/Versions/A/CarbonCore
0x000000003415e000 	/System/Library/Frameworks/CoreServices.framework/Versions/A/Frameworks/Metadata.framework/Versions/A/Metadata
0x000000003415e000 	/System/Library/Frameworks/CoreServices.framework/Versions/A/Frameworks/OSServices.framework/Versions/A/OSServices
0x000000003415e000 	/System/Library/Frameworks/CoreServices.framework/Versions/A/Frameworks/SearchKit.framework/Versions/A/SearchKit
0x000000003415e000 	/System/Library/Frameworks/CoreServices.framework/Versions/A/Frameworks/AE.framework/Versions/A/AE
0x000000003415e000 	/System/Library/Frameworks/CoreServices.framework/Versions/A/Frameworks/LaunchServices.framework/Versions/A/LaunchServices
0x000000003415e000 	/System/Library/Frameworks/CoreServices.framework/Versions/A/Frameworks/DictionaryServices.framework/Versions/A/DictionaryServices
0x000000003415e000 	/System/Library/Frameworks/CoreServices.framework/Versions/A/Frameworks/SharedFileList.framework/Versions/A/SharedFileList
0x000000003415e000 	/System/Library/Frameworks/NetFS.framework/Versions/A/NetFS
0x000000003415e000 	/System/Library/PrivateFrameworks/NetAuth.framework/Versions/A/NetAuth
0x000000003415e000 	/System/Library/PrivateFrameworks/login.framework/Versions/A/Frameworks/loginsupport.framework/Versions/A/loginsupport
0x000000003415e000 	/System/Library/PrivateFrameworks/TCC.framework/Versions/A/TCC
0x000000003415e000 	/usr/lib/libmecabra.dylib
0x000000003415e000 	/System/Library/Frameworks/ApplicationServices.framework/Versions/A/Frameworks/ATS.framework/Versions/A/ATS
0x000000003415e000 	/System/Library/Frameworks/ApplicationServices.framework/Versions/A/Frameworks/ColorSync.framework/Versions/A/ColorSync
0x000000003415e000 	/System/Library/Frameworks/ApplicationServices.framework/Versions/A/Frameworks/HIServices.framework/Versions/A/HIServices
0x000000003415e000 	/System/Library/Frameworks/ApplicationServices.framework/Versions/A/Frameworks/LangAnalysis.framework/Versions/A/LangAnalysis
0x000000003415e000 	/System/Library/Frameworks/ApplicationServices.framework/Versions/A/Frameworks/PrintCore.framework/Versions/A/PrintCore
0x000000003415e000 	/System/Library/Frameworks/ApplicationServices.framework/Versions/A/Frameworks/QD.framework/Versions/A/QD
0x000000003415e000 	/System/Library/Frameworks/ApplicationServices.framework/Versions/A/Frameworks/SpeechSynthesis.framework/Versions/A/SpeechSynthesis
0x000000003415e000 	/System/Library/Frameworks/Accelerate.framework/Versions/A/Frameworks/vImage.framework/Versions/A/vImage
0x000000003415e000 	/System/Library/Frameworks/Accelerate.framework/Versions/A/Frameworks/vecLib.framework/Versions/A/vecLib
0x000000003415e000 	/System/Library/Frameworks/Accelerate.framework/Versions/A/Frameworks/vecLib.framework/Versions/A/libvDSP.dylib
0x000000003415e000 	/System/Library/Frameworks/Accelerate.framework/Versions/A/Frameworks/vecLib.framework/Versions/A/libBNNS.dylib
0x000000003415e000 	/System/Library/Frameworks/Accelerate.framework/Versions/A/Frameworks/vecLib.framework/Versions/A/libQuadrature.dylib
0x000000003415e000 	/System/Library/Frameworks/Accelerate.framework/Versions/A/Frameworks/vecLib.framework/Versions/A/libvMisc.dylib
0x000000003415e000 	/System/Library/Frameworks/Accelerate.framework/Versions/A/Frameworks/vecLib.framework/Versions/A/libLAPACK.dylib
0x000000003415e000 	/System/Library/Frameworks/Accelerate.framework/Versions/A/Frameworks/vecLib.framework/Versions/A/libBLAS.dylib
0x000000003415e000 	/System/Library/Frameworks/Accelerate.framework/Versions/A/Frameworks/vecLib.framework/Versions/A/libLinearAlgebra.dylib
0x000000003415e000 	/System/Library/Frameworks/Accelerate.framework/Versions/A/Frameworks/vecLib.framework/Versions/A/libSparseBLAS.dylib
0x000000003415e000 	/System/Library/Frameworks/ApplicationServices.framework/Versions/A/Frameworks/ATS.framework/Versions/A/Resources/libFontParser.dylib
0x000000003415e000 	/System/Library/Frameworks/ApplicationServices.framework/Versions/A/Frameworks/ATS.framework/Versions/A/Resources/libFontRegistry.dylib
0x000000003415e000 	/System/Library/Frameworks/ImageIO.framework/Versions/A/Resources/libJPEG.dylib
0x000000003415e000 	/System/Library/Frameworks/ImageIO.framework/Versions/A/Resources/libTIFF.dylib
0x000000003415e000 	/System/Library/Frameworks/ImageIO.framework/Versions/A/Resources/libPng.dylib
0x000000003415e000 	/System/Library/Frameworks/ImageIO.framework/Versions/A/Resources/libGIF.dylib
0x000000003415e000 	/System/Library/Frameworks/ImageIO.framework/Versions/A/Resources/libJP2.dylib
0x000000003415e000 	/System/Library/Frameworks/ImageIO.framework/Versions/A/Resources/libRadiance.dylib
0x000000003415e000 	/usr/lib/libcompression.dylib
0x000000003415e000 	/System/Library/PrivateFrameworks/AppleJPEG.framework/Versions/A/AppleJPEG
0x000000003415e000 	/usr/lib/libcups.2.dylib
0x000000003415e000 	/System/Library/Frameworks/Kerberos.framework/Versions/A/Kerberos
0x000000003415e000 	/System/Library/Frameworks/GSS.framework/Versions/A/GSS
0x000000003415e000 	/usr/lib/libresolv.9.dylib
0x000000003415e000 	/usr/lib/libiconv.2.dylib
0x000000003415e000 	/System/Library/PrivateFrameworks/Heimdal.framework/Versions/A/Heimdal
0x000000003415e000 	/usr/lib/libheimdal-asn1.dylib
0x000000003415e000 	/System/Library/Frameworks/OpenDirectory.framework/Versions/A/OpenDirectory
0x000000003415e000 	/System/Library/PrivateFrameworks/CommonAuth.framework/Versions/A/CommonAuth
0x000000003415e000 	/System/Library/Frameworks/OpenDirectory.framework/Versions/A/Frameworks/CFOpenDirectory.framework/Versions/A/CFOpenDirectory
0x000000003415e000 	/System/Library/Frameworks/SecurityFoundation.framework/Versions/A/SecurityFoundation
0x000000003415e000 	/System/Library/PrivateFrameworks/LanguageModeling.framework/Versions/A/LanguageModeling
0x000000003415e000 	/usr/lib/libmarisa.dylib
0x000000003415e000 	/usr/lib/libChineseTokenizer.dylib
0x000000003415e000 	/usr/lib/libcmph.dylib
0x000000003415e000 	/System/Library/PrivateFrameworks/CoreEmoji.framework/Versions/A/CoreEmoji
0x000000003415e000 	/System/Library/Frameworks/ServiceManagement.framework/Versions/A/ServiceManagement
0x000000003415e000 	/usr/lib/libxslt.1.dylib
0x000000003415e000 	/System/Library/Frameworks/Carbon.framework/Versions/A/Frameworks/Ink.framework/Versions/A/Ink
0x000000003415e000 	/System/Library/PrivateFrameworks/TextureIO.framework/Versions/A/TextureIO
0x000000003415e000 	/System/Library/Frameworks/Metal.framework/Versions/A/Metal
0x000000003415e000 	/usr/lib/libate.dylib
0x000000003415e000 	/System/Library/PrivateFrameworks/GPUCompiler.framework/libmetal_timestamp.dylib
0x000000003415e000 	/System/Library/Frameworks/OpenGL.framework/Versions/A/Libraries/libCoreFSCache.dylib
0x000000003415e000 	/System/Library/PrivateFrameworks/IOAccelerator.framework/Versions/A/IOAccelerator
0x000000003415e000 	/System/Library/Frameworks/CoreVideo.framework/Versions/A/CoreVideo
0x000000003415e000 	/usr/lib/libFosl_dynamic.dylib
0x000000003415e000 	/System/Library/PrivateFrameworks/MetalPerformanceShaders.framework/Versions/A/MetalPerformanceShaders
0x000000003415e000 	/System/Library/PrivateFrameworks/FaceCore.framework/Versions/A/FaceCore
0x000000003415e000 	/System/Library/Frameworks/OpenCL.framework/Versions/A/OpenCL
0x000000003415e000 	/System/Library/Frameworks/OpenGL.framework/Versions/A/Libraries/libGLU.dylib
0x000000003415e000 	/System/Library/Frameworks/OpenGL.framework/Versions/A/Libraries/libGFXShared.dylib
0x000000003415e000 	/System/Library/Frameworks/OpenGL.framework/Versions/A/Libraries/libGL.dylib
0x000000003415e000 	/System/Library/Frameworks/OpenGL.framework/Versions/A/Libraries/libGLImage.dylib
0x000000003415e000 	/System/Library/Frameworks/OpenGL.framework/Versions/A/Libraries/libCVMSPluginSupport.dylib
0x000000003415e000 	/System/Library/Frameworks/OpenGL.framework/Versions/A/Libraries/libCoreVMClient.dylib
0x000000003415e000 	/System/Library/PrivateFrameworks/CrashReporterSupport.framework/Versions/A/CrashReporterSupport
0x000000003415e000 	/System/Library/PrivateFrameworks/Sharing.framework/Versions/A/Sharing
0x000000003415e000 	/System/Library/PrivateFrameworks/IconServices.framework/Versions/A/IconServices
0x000000003415e000 	/System/Library/PrivateFrameworks/ProtocolBuffer.framework/Versions/A/ProtocolBuffer
0x000000003415e000 	/System/Library/PrivateFrameworks/Apple80211.framework/Versions/A/Apple80211
0x000000003415e000 	/System/Library/Frameworks/CoreWLAN.framework/Versions/A/CoreWLAN
0x000000003415e000 	/System/Library/PrivateFrameworks/CoreUtils.framework/Versions/A/CoreUtils
0x000000003415e000 	/System/Library/Frameworks/IOBluetooth.framework/Versions/A/IOBluetooth
0x000000003415e000 	/System/Library/PrivateFrameworks/CoreWiFi.framework/Versions/A/CoreWiFi
0x000000003415e000 	/System/Library/Frameworks/CoreBluetooth.framework/Versions/A/CoreBluetooth
0x000000003415e000 	/System/Library/Frameworks/CoreDisplay.framework/Versions/A/CoreDisplay
0x000000003415e000 	/System/Library/PrivateFrameworks/IOPresentment.framework/Versions/A/IOPresentment
0x000000003415e000 	/System/Library/PrivateFrameworks/DebugSymbols.framework/Versions/A/DebugSymbols
0x000000003415e000 	/System/Library/PrivateFrameworks/CoreSymbolication.framework/Versions/A/CoreSymbolication
0x000000003415e000 	/System/Library/PrivateFrameworks/Symbolication.framework/Versions/A/Symbolication
0x000000003415e000 	/System/Library/PrivateFrameworks/AppleFSCompression.framework/Versions/A/AppleFSCompression
0x000000003415e000 	/System/Library/PrivateFrameworks/SpeechRecognitionCore.framework/Versions/A/SpeechRecognitionCore
0x000000003415e000 	/System/Library/PrivateFrameworks/ChunkingLibrary.framework/Versions/A/ChunkingLibrary
0x0000000104a00000 	/Applications/BlueJ.app/Contents/JDK/Home/jre/lib/server/libjvm.dylib
0x00000001040e8000 	/usr/lib/libstdc++.6.dylib
0x00000001041a1000 	/Applications/BlueJ.app/Contents/JDK/Home/jre/lib/libverify.dylib
0x00000001041af000 	/Applications/BlueJ.app/Contents/JDK/Home/jre/lib/libjava.dylib
0x0000000105986000 	/Applications/BlueJ.app/Contents/JDK/Home/jre/lib/libjdwp.dylib
0x00000001041e5000 	/Applications/BlueJ.app/Contents/JDK/Home/jre/lib/libnpt.dylib
0x00000001041f2000 	/Applications/BlueJ.app/Contents/JDK/Home/jre/lib/libzip.dylib
0x000000010c333000 	/System/Library/Frameworks/JavaVM.framework/Frameworks/JavaRuntimeSupport.framework/JavaRuntimeSupport
0x000000010c34d000 	/System/Library/Frameworks/JavaVM.framework/Versions/A/Frameworks/JavaNativeFoundation.framework/Versions/A/JavaNativeFoundation
0x000000010c362000 	/System/Library/Frameworks/JavaVM.framework/Versions/A/JavaVM
0x000000003415e000 	/System/Library/Frameworks/Carbon.framework/Versions/A/Carbon
0x000000010c36f000 	/System/Library/PrivateFrameworks/JavaLaunching.framework/Versions/A/JavaLaunching
0x000000003415e000 	/System/Library/Frameworks/Carbon.framework/Versions/A/Frameworks/CommonPanels.framework/Versions/A/CommonPanels
0x000000003415e000 	/System/Library/Frameworks/Carbon.framework/Versions/A/Frameworks/Help.framework/Versions/A/Help
0x000000003415e000 	/System/Library/Frameworks/Carbon.framework/Versions/A/Frameworks/ImageCapture.framework/Versions/A/ImageCapture
0x000000003415e000 	/System/Library/Frameworks/Carbon.framework/Versions/A/Frameworks/OpenScripting.framework/Versions/A/OpenScripting
0x000000003415e000 	/System/Library/Frameworks/Carbon.framework/Versions/A/Frameworks/Print.framework/Versions/A/Print
0x000000003415e000 	/System/Library/Frameworks/Carbon.framework/Versions/A/Frameworks/SecurityHI.framework/Versions/A/SecurityHI
0x000000010dc77000 	/Applications/BlueJ.app/Contents/JDK/Home/jre/lib/libdt_socket.dylib
0x000000010dc94000 	/Applications/BlueJ.app/Contents/JDK/Home/jre/lib/libawt.dylib
0x000000010dd3c000 	/Applications/BlueJ.app/Contents/JDK/Home/jre/lib/./libmlib_image.dylib
0x000000010de08000 	/Applications/BlueJ.app/Contents/JDK/Home/jre/lib/libawt_lwawt.dylib
0x000000010debd000 	/Applications/BlueJ.app/Contents/JDK/Home/jre/lib/./libosxapp.dylib
0x000000003415e000 	/System/Library/Frameworks/ExceptionHandling.framework/Versions/A/ExceptionHandling
0x000000003415e000 	/System/Library/PrivateFrameworks/CoreServicesInternal.framework/Versions/A/CoreServicesInternal
0x000000003415e000 	/System/Library/CoreServices/RawCamera.bundle/Contents/MacOS/RawCamera
0x000000010e33a000 	/System/Library/Frameworks/Accelerate.framework/Frameworks/vImage.framework/Versions/A/Libraries/libCGInterfaces.dylib
0x000000003415e000 	/System/Library/Frameworks/ApplicationServices.framework/Versions/A/Frameworks/ATS.framework/Versions/A/Resources/libTrueTypeScaler.dylib
0x000000010f74d000 	/System/Library/Frameworks/OpenGL.framework/Resources/GLEngine.bundle/GLEngine
0x000000010f931000 	/System/Library/Frameworks/OpenGL.framework/Versions/A/Libraries/libGLProgrammability.dylib
0x000000010fd5f000 	/System/Library/Extensions/AppleIntelHD5000GraphicsGLDriver.bundle/Contents/MacOS/AppleIntelHD5000GraphicsGLDriver
0x000000003415e000 	/System/Library/PrivateFrameworks/GPUSupport.framework/Versions/A/Libraries/libGPUSupportMercury.dylib
0x000000010eb2a000 	/System/Library/Frameworks/OpenGL.framework/Resources//GLRendererFloat.bundle/GLRendererFloat
0x000000003415e000 	/System/Library/Frameworks/OpenCL.framework/Versions/A/Libraries/libcldcpuengine.dylib
0x000000003415e000 	/usr/lib/libcrypto.0.9.8.dylib
0x000000003415e000 	/System/Library/PrivateFrameworks/TrustEvaluationAgent.framework/Versions/A/TrustEvaluationAgent
0x00000001104be000 	/System/Library/Extensions/AppleIntelHD5000GraphicsMTLDriver.bundle/Contents/MacOS/AppleIntelHD5000GraphicsMTLDriver
0x000000003415e000 	/System/Library/PrivateFrameworks/FamilyControls.framework/Versions/A/FamilyControls
0x000000003415e000 	/System/Library/PrivateFrameworks/CommerceKit.framework/Versions/A/Frameworks/CommerceCore.framework/Versions/A/CommerceCore
0x000000003415e000 	/System/Library/PrivateFrameworks/SystemAdministration.framework/Versions/A/SystemAdministration
0x000000003415e000 	/System/Library/PrivateFrameworks/AppContainer.framework/Versions/A/AppContainer
0x000000003415e000 	/System/Library/PrivateFrameworks/SecCodeWrapper.framework/Versions/A/SecCodeWrapper
0x000000003415e000 	/System/Library/Frameworks/DirectoryService.framework/Versions/A/DirectoryService
0x000000003415e000 	/System/Library/PrivateFrameworks/DiskImages.framework/Versions/A/DiskImages
0x000000003415e000 	/System/Library/PrivateFrameworks/LoginUIKit.framework/Versions/A/Frameworks/LoginUICore.framework/Versions/A/LoginUICore
0x000000003415e000 	/usr/lib/libCoreStorage.dylib
0x000000003415e000 	/usr/lib/libcsfde.dylib
0x000000003415e000 	/usr/lib/libodfde.dylib
0x000000003415e000 	/System/Library/Frameworks/DiscRecording.framework/Versions/A/DiscRecording
0x000000003415e000 	/usr/lib/libcurl.4.dylib
0x000000003415e000 	/System/Library/PrivateFrameworks/MediaKit.framework/Versions/A/MediaKit
0x000000003415e000 	/System/Library/PrivateFrameworks/ProtectedCloudStorage.framework/Versions/A/ProtectedCloudStorage
0x000000003415e000 	/System/Library/PrivateFrameworks/EFILogin.framework/Versions/A/EFILogin
0x000000003415e000 	/usr/lib/libutil.dylib
0x000000003415e000 	/System/Library/Frameworks/LDAP.framework/Versions/A/LDAP
0x000000003415e000 	/usr/lib/libsasl2.2.dylib
0x000000003415e000 	/System/Library/PrivateFrameworks/CoreDaemon.framework/Versions/B/CoreDaemon
0x000000003415e000 	/System/Library/PrivateFrameworks/AppleSRP.framework/Versions/A/AppleSRP
0x000000003415e000 	/System/Library/PrivateFrameworks/APFS.framework/Versions/A/APFS
0x00000001118cc000 	/Applications/BlueJ.app/Contents/JDK/Home/jre/lib/libfontmanager.dylib
0x000000011060b000 	/Applications/BlueJ.app/Contents/JDK/Home/jre/lib/libosxui.dylib
0x0000000122156000 	/Applications/BlueJ.app/Contents/JDK/Home/jre/lib/libnet.dylib
0x000000012216d000 	/Applications/BlueJ.app/Contents/JDK/Home/jre/lib/libnio.dylib
0x000000003415e000 	/System/Library/PrivateFrameworks/ViewBridge.framework/Versions/A/ViewBridge
0x000000003415e000 	/System/Library/PrivateFrameworks/XPCService.framework/Versions/A/XPCService
0x000000003415e000 	/System/Library/PrivateFrameworks/AppSandbox.framework/Versions/A/AppSandbox
0x000000003415e000 	/usr/lib/libsandbox.1.dylib
0x000000003415e000 	/usr/lib/libMatch.1.dylib
0x000000010eae6000 	/Applications/BlueJ.app/Contents/JDK/Home/jre/lib/libdcpr.dylib

VM Arguments:
jvm_args: -ea -Djavafx.macosx.embedded=true -agentlib:jdwp=transport=dt_socket,address=127.0.0.1:61519 -Dfile.encoding=UTF-8 
java_command: bluej.runtime.ExecServer UTF-8
java_class_path (initial): /Applications/BlueJ.app/Contents/Resources/Java/bluejcore.jar:/Applications/BlueJ.app/Contents/Resources/Java/junit-4.8.2.jar:/Users/tylerlutz/Desktop/GridWorldCodeBlueJ/gridworld.jar:/Applications/BlueJ.app/Contents/Resources/Java/userlib/pi4j-core.jar:/Applications/BlueJ.app/Contents/Resources/Java/userlib/pi4j-device.jar:/Applications/BlueJ.app/Contents/Resources/Java/userlib/pi4j-gpio-extension.jar:/Applications/BlueJ.app/Contents/Resources/Java/userlib/pi4j-service.jar
Launcher Type: SUN_STANDARD

Environment Variables:
PATH=/usr/bin:/bin:/usr/sbin:/sbin
SHELL=/bin/bash

Signal Handlers:
SIGSEGV: [libjvm.dylib+0x5a65d5], sa_mask[0]=11111111011111110111111111111111, sa_flags=SA_ONSTACK|SA_RESTART|SA_SIGINFO
SIGBUS: [libjvm.dylib+0x5a65d5], sa_mask[0]=11111111011111110111111111111111, sa_flags=SA_RESTART|SA_SIGINFO
SIGFPE: [libjvm.dylib+0x4802e8], sa_mask[0]=11111111011111110111111111111111, sa_flags=SA_RESTART|SA_SIGINFO
SIGPIPE: [libjvm.dylib+0x4802e8], sa_mask[0]=11111111011111110111111111111111, sa_flags=SA_RESTART|SA_SIGINFO
SIGXFSZ: [libjvm.dylib+0x4802e8], sa_mask[0]=11111111011111110111111111111111, sa_flags=SA_RESTART|SA_SIGINFO
SIGILL: [libjvm.dylib+0x4802e8], sa_mask[0]=11111111011111110111111111111111, sa_flags=SA_RESTART|SA_SIGINFO
SIGUSR1: SIG_DFL, sa_mask[0]=00000000000000000000000000000000, sa_flags=none
SIGUSR2: [libjvm.dylib+0x47fe06], sa_mask[0]=00100000000000000000000000000000, sa_flags=SA_RESTART|SA_SIGINFO
SIGHUP: [libjvm.dylib+0x47e3dd], sa_mask[0]=11111111011111110111111111111111, sa_flags=SA_RESTART|SA_SIGINFO
SIGINT: [libjvm.dylib+0x47e3dd], sa_mask[0]=11111111011111110111111111111111, sa_flags=SA_RESTART|SA_SIGINFO
SIGTERM: [libjvm.dylib+0x47e3dd], sa_mask[0]=11111111011111110111111111111111, sa_flags=SA_RESTART|SA_SIGINFO
SIGQUIT: [libjvm.dylib+0x47e3dd], sa_mask[0]=11111111011111110111111111111111, sa_flags=SA_RESTART|SA_SIGINFO


---------------  S Y S T E M  ---------------

OS:Bsduname:Darwin 16.4.0 Darwin Kernel Version 16.4.0: Thu Dec 22 22:53:21 PST 2016; root:xnu-3789.41.3~3/RELEASE_X86_64 x86_64
rlimit: STACK 8192k, CORE 0k, NPROC 709, NOFILE 10240, AS infinity
load average:1.43 1.67 1.65

CPU:total 4 (2 cores per cpu, 2 threads per core) family 6 model 69 stepping 1, cmov, cx8, fxsr, mmx, sse, sse2, sse3, ssse3, sse4.1, sse4.2, popcnt, avx, avx2, aes, clmul, erms, lzcnt, ht, tsc, tscinvbit, bmi1, bmi2

Memory: 4k page, physical 8388608k(413252k free)

/proc/meminfo:


vm_info: Java HotSpot(TM) 64-Bit Server VM (25.66-b17) for bsd-amd64 JRE (1.8.0_66-b17), built on Oct  6 2015 16:09:13 by "java_re" with gcc 4.2.1 (Based on Apple Inc. build 5658) (LLVM build 2336.11.00)

time: Tue Mar 14 21:21:03 2017
elapsed time: 7343 seconds (0d 2h 2m 23s)

